e:\vs文件\projects\cpp\内存分配算法\内存分配算法\debug\vc120.pdb
e:\vs文件\projects\cpp\内存分配算法\内存分配算法\debug\vc120.idb
e:\vs文件\projects\cpp\内存分配算法\内存分配算法\debug\内存分配算法.obj
e:\vs文件\projects\cpp\内存分配算法\内存分配算法\debug\main.obj
e:\vs文件\projects\cpp\内存分配算法\内存分配算法\debug\main0.obj
e:\vs文件\projects\cpp\内存分配算法\debug\内存分配算法.pdb
e:\vs文件\projects\cpp\内存分配算法\内存分配算法\debug\内存分配算法.tlog\cl.command.1.tlog
e:\vs文件\projects\cpp\内存分配算法\内存分配算法\debug\内存分配算法.tlog\cl.read.1.tlog
e:\vs文件\projects\cpp\内存分配算法\内存分配算法\debug\内存分配算法.tlog\cl.write.1.tlog
e:\vs文件\projects\cpp\内存分配算法\内存分配算法\debug\内存分配算法.tlog\link-cvtres.read.1.tlog
e:\vs文件\projects\cpp\内存分配算法\内存分配算法\debug\内存分配算法.tlog\link-cvtres.write.1.tlog
e:\vs文件\projects\cpp\内存分配算法\内存分配算法\debug\内存分配算法.tlog\link-rc.read.1.tlog
e:\vs文件\projects\cpp\内存分配算法\内存分配算法\debug\内存分配算法.tlog\link-rc.write.1.tlog
e:\vs文件\projects\cpp\内存分配算法\内存分配算法\debug\内存分配算法.tlog\link.133992-cvtres.read.1.tlog
e:\vs文件\projects\cpp\内存分配算法\内存分配算法\debug\内存分配算法.tlog\link.133992-cvtres.write.1.tlog
e:\vs文件\projects\cpp\内存分配算法\内存分配算法\debug\内存分配算法.tlog\link.133992-rc.read.1.tlog
e:\vs文件\projects\cpp\内存分配算法\内存分配算法\debug\内存分配算法.tlog\link.133992-rc.write.1.tlog
e:\vs文件\projects\cpp\内存分配算法\内存分配算法\debug\内存分配算法.tlog\link.133992.read.1.tlog
e:\vs文件\projects\cpp\内存分配算法\内存分配算法\debug\内存分配算法.tlog\link.133992.write.1.tlog
e:\vs文件\projects\cpp\内存分配算法\内存分配算法\debug\内存分配算法.tlog\link.command.1.tlog
e:\vs文件\projects\cpp\内存分配算法\内存分配算法\debug\内存分配算法.tlog\link.read.1.tlog
e:\vs文件\projects\cpp\内存分配算法\内存分配算法\debug\内存分配算法.tlog\link.write.1.tlog
