e:\vs文件\projects\consoleapplication3\consoleapplication3\debug\vc120.pdb
e:\vs文件\projects\consoleapplication3\consoleapplication3\debug\vc120.idb
e:\vs文件\projects\consoleapplication3\consoleapplication3\debug\c++入门.obj
e:\vs文件\projects\consoleapplication3\consoleapplication3\debug\test.obj
e:\vs文件\projects\consoleapplication3\consoleapplication3\debug\多态.obj
e:\vs文件\projects\consoleapplication3\consoleapplication3\debug\rand0.obj
e:\vs文件\projects\consoleapplication3\consoleapplication3\debug\r_drive0.obj
e:\vs文件\projects\consoleapplication3\consoleapplication3\debug\虚继承.obj
e:\vs文件\projects\consoleapplication3\consoleapplication3\debug\进制转换.obj
e:\vs文件\projects\consoleapplication3\consoleapplication3\debug\任意进制转换.obj
e:\vs文件\projects\consoleapplication3\consoleapplication3\debug\structsize.obj
e:\vs文件\projects\consoleapplication3\debug\consoleapplication3.ilk
e:\vs文件\projects\consoleapplication3\debug\consoleapplication3.exe
e:\vs文件\projects\consoleapplication3\debug\consoleapplication3.pdb
e:\vs文件\projects\consoleapplication3\consoleapplication3\debug\consolea.a61e69d5.tlog\cl.command.1.tlog
e:\vs文件\projects\consoleapplication3\consoleapplication3\debug\consolea.a61e69d5.tlog\cl.read.1.tlog
e:\vs文件\projects\consoleapplication3\consoleapplication3\debug\consolea.a61e69d5.tlog\cl.write.1.tlog
e:\vs文件\projects\consoleapplication3\consoleapplication3\debug\consolea.a61e69d5.tlog\link.command.1.tlog
e:\vs文件\projects\consoleapplication3\consoleapplication3\debug\consolea.a61e69d5.tlog\link.read.1.tlog
e:\vs文件\projects\consoleapplication3\consoleapplication3\debug\consolea.a61e69d5.tlog\link.write.1.tlog
